2018-08-05 165156, "current weather response status is : ",<Response [200]>
2018-08-05 165253, "current weather response status is : ",<Response [200]>
2018-08-05 165312, "current weather response status is : ",<Response [200]>
2018-08-05 165330, "current weather response status is : ",<Response [200]>
2018-08-05-165415, "current weather response status is : ",<Response [200]>
2018-08-05-165525, "current weather response status is : ",<Response [200]>
2018-08-05-165719, "current weather response status is : ",<Response [200]>
2018-08-05-165848, "current weather response status is : ",<Response [200]>
2018-08-05-165901, "current weather response status is : ",<Response [200]>
2018-08-05-170230, "current weather response status is : ",<Response [200]>
2018-08-05-171158, "current weather response status is : ",<Response [200]>
2018-08-05-171158, "current weather response status is : ",<Response [200]>
2018-08-05-171234, "current weather response status is : ",<Response [200]>
2018-08-05-171234, "current weather response status is : ",<Response [200]>
2018-08-05-171435, "current weather response status is : ",<Response [400]>
2018-08-05-171556, "current weather response status is : ",<Response [400]>
2018-08-05-171630, "current weather response status is : ",<Response [400]>
2018-08-05-171718, "current weather response status is : ",<Response [400]>
2018-08-05-171850, "current weather response status is : ",<Response [400]>
2018-08-05-171942, "current weather response status is : ",<Response [200]>
2018-08-05-171942, "current weather response status is : ",<Response [200]>
2018-08-06-183031, "current weather response status is : ",<Response [200]>
2018-08-06-183031, "current weather response status is : ",<Response [200]>
2018-08-06-183139, "current weather response status is : ",<Response [200]>
2018-08-06-183139, "current weather response status is : ",<Response [200]>
2018-08-06-183153, "current weather response status is : ",<Response [200]>
2018-08-06-183153, "current weather response status is : ",<Response [200]>
2018-08-06-183238, "current weather response status is : ",<Response [200]>
2018-08-06-183238, "current weather response status is : ",<Response [200]>
2018-08-06-183311, "current weather response status is : ",<Response [200]>
2018-08-06-183432, "current weather response status is : ",<Response [200]>
2018-08-06-183432, "current weather response status is : ",<Response [200]>
2018-08-06-184732, "current weather response status is : ",<Response [200]>
2018-08-06-184732, "current weather response status is : ",<Response [200]>
2018-08-06-185053, "current weather response status is : ",<Response [200]>
2018-08-06-185053, "current weather response status is : ",<Response [200]>
2018-08-06-185118, "current weather response status is : ",<Response [200]>
2018-08-06-185118, "current weather response status is : ",<Response [200]>
2018-08-06-185242, "current weather response status is : ",<Response [200]>
2018-08-06-185242, "current weather response status is : ",<Response [200]>
2018-08-06-185315, "current weather response status is : ",<Response [200]>
2018-08-06-185315, "current weather response status is : ",<Response [200]>
2018-08-06-185337, "current weather response status is : ",<Response [200]>
2018-08-06-185337, "current weather response status is : ",<Response [200]>
2018-08-06-185343, "current weather response status is : ",<Response [200]>
2018-08-06-185343, "current weather response status is : ",<Response [200]>
2018-08-06-185515, "current weather response status is : ",<Response [200]>
2018-08-06-185746, "current weather response status is : ",<Response [200]>
2018-08-06-185746, "current weather response status is : ",<Response [200]>
2018-08-06-190043, "current weather response status is : ",<Response [200]>
2018-08-06-190043, "current weather response status is : ",<Response [200]>
2018-08-06-192013, "current weather response status is : ",<Response [200]>
2018-08-06-192013, "current weather response status is : ",<Response [200]>
2018-08-06-192228, "current weather response status is : ",<Response [200]>
2018-08-06-192228, "current weather response status is : ",<Response [200]>
2018-08-06-192548, "current weather response status is : ",<Response [200]>
2018-08-06-192721, "current weather response status is : ",<Response [200]>
2018-08-06-192843, "current weather response status is : ",<Response [200]>
2018-08-06-192919, "current weather response status is : ",<Response [200]>
2018-08-06-193117, "current weather response status is : ",<Response [200]>
2018-08-06-193238, "current weather response status is : ",<Response [200]>
2018-08-06-193259, "current weather response status is : ",<Response [200]>
2018-08-06-193406, "current weather response status is : ",<Response [200]>
2018-08-06-193503, "current weather response status is : ",<Response [200]>
2018-08-06-193642, "current weather response status is : ",<Response [200]>
2018-08-06-194157, "current weather response status is : ",<Response [200]>
2018-08-06-194215, "current weather response status is : ",<Response [200]>
2018-08-06-194327, "current weather response status is : ",<Response [200]>
2018-08-06-194628, "current weather response status is : ",<Response [200]>
2018-08-06-194722, "current weather response status is : ",<Response [200]>
2018-08-06-194750, "current weather response status is : ",<Response [200]>
2018-08-06-194811, "current weather response status is : ",<Response [200]>
2018-08-06-194905, "current weather response status is : ",<Response [200]>
2018-08-06-195314, "current weather response status is : ",<Response [200]>
2018-08-06-195314, "current weather response status is : ",<Response [200]>
2018-08-06-200629, "current weather response status is : ",<Response [200]>
2018-08-06-200748, "current weather response status is : ",<Response [200]>
2018-08-06-200901, "current weather response status is : ",<Response [200]>
2018-08-06-200935, "current weather response status is : ",<Response [200]>
2018-08-06-201259, "current weather response status is : ",<Response [200]>
2018-08-06-201308, "current weather response status is : ",<Response [200]>
2018-08-06-201335, "current weather response status is : ",<Response [200]>
2018-08-06-201348, "current weather response status is : ",<Response [200]>
2018-08-06-201356, "current weather response status is : ",<Response [200]>
2018-08-06-201452, "current weather response status is : ",<Response [200]>
2018-08-06-201600, "current weather response status is : ",<Response [200]>
2018-08-06-201705, "current weather response status is : ",<Response [200]>
2018-08-06-202044, "current weather response status is : ",<Response [200]>
2018-08-06-202136, "current weather response status is : ",<Response [200]>
2018-08-06-202151, "current weather response status is : ",<Response [200]>
2018-08-06-202213, "current weather response status is : ",<Response [200]>
2018-08-06-202240, "current weather response status is : ",<Response [200]>
2018-08-06-202413, "current weather response status is : ",<Response [200]>
2018-08-06-202521, "current weather response status is : ",<Response [200]>
2018-08-06-202538, "current weather response status is : ",<Response [200]>
2018-08-06-202729, "current weather response status is : ",<Response [200]>
20180806203001, "current weather response status is : ",<Response [200]>
20180806203025, "current weather response status is : ",<Response [200]>
20180806203245, "current weather response status is : ",<Response [200]>
20180806203245, "current weather response status is : ",<Response [200]>
20180806203325, "current weather response status is : ",<Response [200]>
20180806203325, "current weather response status is : ",<Response [200]>
20180806204911, "current weather response status is : ",<Response [200]>
20180806211831, "current weather response status is : ",<Response [200]>
20180806211852, "current weather response status is : ",<Response [200]>
20180806211939, "current weather response status is : ",<Response [200]>
20180806212002, "current weather response status is : ",<Response [200]>
20180806212051, "current weather response status is : ",<Response [200]>
20180806212122, "current weather response status is : ",<Response [200]>
20180806212149, "current weather response status is : ",<Response [200]>
20180806212244, "current weather response status is : ",<Response [200]>
20180806212327, "current weather response status is : ",<Response [200]>
20180806212400, "current weather response status is : ",<Response [200]>
20180806212742, "current weather response status is : ",<Response [200]>
20180806212800, "current weather response status is : ",<Response [200]>
20180806212900, "current weather response status is : ",<Response [200]>
20180806212930, "current weather response status is : ",<Response [200]>
20180806212956, "current weather response status is : ",<Response [200]>
20180806231816, "city Ajo weather response status is : ",<Response [200]>
20180806231816, "city Avondale weather response status is : ",<Response [200]>
20180806231816, "city Bisbee weather response status is : ",<Response [200]>
20180806231816, "city Casa Grande weather response status is : ",<Response [200]>
20180806231816, "city Chandler weather response status is : ",<Response [200]>
20180806231816, "city Clifton weather response status is : ",<Response [200]>
20180806231816, "city Douglas weather response status is : ",<Response [200]>
20180806231816, "city Flagstaff weather response status is : ",<Response [200]>
20180806231816, "city Florence weather response status is : ",<Response [200]>
20180806231816, "city Gila Bend weather response status is : ",<Response [200]>
20180806231816, "city Glendale weather response status is : ",<Response [200]>
20180806231903, "city Ajo weather response status is : ",<Response [200]>
20180806231903, "city Avondale weather response status is : ",<Response [200]>
20180806231903, "city Bisbee weather response status is : ",<Response [200]>
20180806231903, "city Casa Grande weather response status is : ",<Response [200]>
20180806231903, "city Chandler weather response status is : ",<Response [200]>
20180806231903, "city Clifton weather response status is : ",<Response [200]>
20180806231903, "city Douglas weather response status is : ",<Response [200]>
20180806231903, "city Flagstaff weather response status is : ",<Response [200]>
20180806231903, "city Florence weather response status is : ",<Response [200]>
20180806231903, "city Gila Bend weather response status is : ",<Response [200]>
20180806231903, "city Glendale weather response status is : ",<Response [200]>
20180806231914, "current weather response status is : ",<Response [200]>
20180806231914, "current weather response status is : ",<Response [200]>
20180806231914, "current weather response status is : ",<Response [200]>
20180806231914, "current weather response status is : ",<Response [200]>
20180806231914, "current weather response status is : ",<Response [200]>
20180806231914, "current weather response status is : ",<Response [200]>
20180806231914, "current weather response status is : ",<Response [200]>
20180806231914, "current weather response status is : ",<Response [200]>
20180806231914, "current weather response status is : ",<Response [200]>
20180806231914, "current weather response status is : ",<Response [200]>
20180806231914, "current weather response status is : ",<Response [200]>
20180806232038, "current weather response status is : ",<Response [200]>
20180806232038, "current weather response status is : ",<Response [200]>
20180806232038, "current weather response status is : ",<Response [200]>
20180806232038, "current weather response status is : ",<Response [200]>
20180806232038, "current weather response status is : ",<Response [200]>
20180806232038, "current weather response status is : ",<Response [200]>
20180806232038, "current weather response status is : ",<Response [200]>
20180806232038, "current weather response status is : ",<Response [200]>
20180806232038, "current weather response status is : ",<Response [200]>
20180806232038, "current weather response status is : ",<Response [200]>
20180806232038, "current weather response status is : ",<Response [200]>
