20180806231745, "city Ajo weather response status is : ",<Response [200]>
20180806231745, "city Avondale weather response status is : ",<Response [200]>
20180806231745, "city Bisbee weather response status is : ",<Response [200]>
20180806231745, "city Casa Grande weather response status is : ",<Response [200]>
20180806231745, "city Chandler weather response status is : ",<Response [200]>
20180806231745, "city Clifton weather response status is : ",<Response [200]>
20180806231745, "city Douglas weather response status is : ",<Response [200]>
20180806231745, "city Flagstaff weather response status is : ",<Response [200]>
20180806231745, "city Florence weather response status is : ",<Response [200]>
20180806231745, "city Gila Bend weather response status is : ",<Response [200]>
20180806231745, "city Glendale weather response status is : ",<Response [200]>
20180806231932, "city Ajo weather response status is : ",<Response [200]>
20180806231932, "city Avondale weather response status is : ",<Response [200]>
20180806231932, "city Bisbee weather response status is : ",<Response [200]>
20180806231932, "city Casa Grande weather response status is : ",<Response [200]>
20180806231932, "city Chandler weather response status is : ",<Response [200]>
20180806231932, "city Clifton weather response status is : ",<Response [200]>
20180806231932, "city Douglas weather response status is : ",<Response [200]>
20180806231932, "city Flagstaff weather response status is : ",<Response [200]>
20180806231932, "city Florence weather response status is : ",<Response [200]>
20180806231932, "city Gila Bend weather response status is : ",<Response [200]>
20180806231932, "city Glendale weather response status is : ",<Response [200]>
20180806232308, "city Ajo weather response status is : ",<Response [200]>
20180806232308, "city Avondale weather response status is : ",<Response [200]>
20180806232308, "city Bisbee weather response status is : ",<Response [200]>
20180806232308, "city Casa Grande weather response status is : ",<Response [200]>
20180806232308, "city Chandler weather response status is : ",<Response [200]>
20180806232308, "city Clifton weather response status is : ",<Response [200]>
20180806232308, "city Douglas weather response status is : ",<Response [200]>
20180806232308, "city Flagstaff weather response status is : ",<Response [200]>
20180806232308, "city Florence weather response status is : ",<Response [200]>
20180806232308, "city Gila Bend weather response status is : ",<Response [200]>
20180806232308, "city Glendale weather response status is : ",<Response [200]>
20180806232426, "city Ajo weather response status is : ",<Response [200]>
20180806232426, "city Avondale weather response status is : ",<Response [200]>
20180806232426, "city Bisbee weather response status is : ",<Response [200]>
20180806232426, "city Casa Grande weather response status is : ",<Response [200]>
20180806232426, "city Chandler weather response status is : ",<Response [200]>
20180806232426, "city Clifton weather response status is : ",<Response [200]>
20180806232426, "city Douglas weather response status is : ",<Response [200]>
20180806232426, "city Flagstaff weather response status is : ",<Response [200]>
20180806232426, "city Florence weather response status is : ",<Response [200]>
20180806232426, "city Gila Bend weather response status is : ",<Response [200]>
20180806232426, "city Glendale weather response status is : ",<Response [200]>
20180806232541, "city Ajo weather response status is : ",<Response [200]>
20180806232541, "city Avondale weather response status is : ",<Response [200]>
20180806232541, "city Bisbee weather response status is : ",<Response [200]>
20180806232541, "city Casa Grande weather response status is : ",<Response [200]>
20180806232541, "city Chandler weather response status is : ",<Response [200]>
20180806232541, "city Clifton weather response status is : ",<Response [200]>
20180806232541, "city Douglas weather response status is : ",<Response [200]>
20180806232541, "city Flagstaff weather response status is : ",<Response [200]>
20180806232541, "city Florence weather response status is : ",<Response [200]>
20180806232541, "city Gila Bend weather response status is : ",<Response [200]>
20180806232541, "city Glendale weather response status is : ",<Response [200]>
20180806232651, "city Ajo weather response status is : ",<Response [200]>
20180806232651, "city Avondale weather response status is : ",<Response [200]>
20180806232651, "city Bisbee weather response status is : ",<Response [200]>
20180806232651, "city Casa Grande weather response status is : ",<Response [200]>
20180806232651, "city Chandler weather response status is : ",<Response [200]>
20180806232651, "city Clifton weather response status is : ",<Response [200]>
20180806232651, "city Douglas weather response status is : ",<Response [200]>
20180806232651, "city Flagstaff weather response status is : ",<Response [200]>
20180806232651, "city Florence weather response status is : ",<Response [200]>
20180806232651, "city Gila Bend weather response status is : ",<Response [200]>
20180806232651, "city Glendale weather response status is : ",<Response [200]>
20180806232651, "city Globe weather response status is : ",<Response [200]>
20180806232651, "city Kingman weather response status is : ",<Response [200]>
20180806232651, "city Lake Havasu City weather response status is : ",<Response [200]>
20180806232651, "city Mesa weather response status is : ",<Response [200]>
20180806232651, "city Nogales weather response status is : ",<Response [200]>
20180806232651, "city Prescott weather response status is : ",<Response [200]>
20180806232651, "city Scottsdale weather response status is : ",<Response [200]>
20180806232651, "city Sierra Vista weather response status is : ",<Response [200]>
20180806232651, "city Tempe weather response status is : ",<Response [200]>
20180806232651, "city Tombstone weather response status is : ",<Response [200]>
20180806232651, "city Tucson weather response status is : ",<Response [200]>
20180806232651, "city Walpi weather response status is : ",<Response [200]>
20180806232651, "city Window Rock weather response status is : ",<Response [200]>
20180806232651, "city Winslow weather response status is : ",<Response [200]>
20180806232651, "city Yuma weather response status is : ",<Response [200]>
20180806232651, "city Alameda weather response status is : ",<Response [200]>
20180806232651, "city Alhambra weather response status is : ",<Response [200]>
20180806232651, "city Anaheim weather response status is : ",<Response [200]>
20180806232651, "city Antioch weather response status is : ",<Response [200]>
20180806232651, "city Arcadia weather response status is : ",<Response [200]>
20180806232651, "city Bakersfield weather response status is : ",<Response [200]>
20180806232651, "city Barstow weather response status is : ",<Response [200]>
20180806232651, "city Belmont weather response status is : ",<Response [200]>
20180806232651, "city Berkeley weather response status is : ",<Response [200]>
20180806232651, "city Beverly Hills weather response status is : ",<Response [200]>
20180806232651, "city Brea weather response status is : ",<Response [200]>
20180806232651, "city Buena Park weather response status is : ",<Response [200]>
20180806232651, "city Burbank weather response status is : ",<Response [200]>
20180806232651, "city Calexico weather response status is : ",<Response [200]>
20180806232651, "city Calistoga weather response status is : ",<Response [200]>
20180806232651, "city Carlsbad weather response status is : ",<Response [200]>
20180806232651, "city Carmel weather response status is : ",<Response [200]>
20180806232651, "city Chico weather response status is : ",<Response [200]>
20180806232651, "city Chula Vista weather response status is : ",<Response [200]>
20180806232651, "city Claremont weather response status is : ",<Response [200]>
20180806232651, "city Compton weather response status is : ",<Response [200]>
20180806232651, "city Concord weather response status is : ",<Response [200]>
20180806232651, "city Corona weather response status is : ",<Response [200]>
20180806232651, "city Coronado weather response status is : ",<Response [200]>
20180806232651, "city Costa Mesa weather response status is : ",<Response [200]>
20180806232651, "city Culver City weather response status is : ",<Response [200]>
20180806232651, "city Daly City weather response status is : ",<Response [200]>
20180806232651, "city Davis weather response status is : ",<Response [200]>
20180806232651, "city Downey weather response status is : ",<Response [200]>
20180806232651, "city El Centro weather response status is : ",<Response [200]>
20180806232651, "city El Cerrito weather response status is : ",<Response [200]>
20180806232651, "city El Monte weather response status is : ",<Response [200]>
20180806232651, "city Escondido weather response status is : ",<Response [200]>
20180806232651, "city Eureka weather response status is : ",<Response [200]>
20180806232651, "city Fairfield weather response status is : ",<Response [200]>
20180806232651, "city Fontana weather response status is : ",<Response [200]>
20180806232651, "city Fremont weather response status is : ",<Response [200]>
20180806232651, "city Fresno weather response status is : ",<Response [200]>
20180806232651, "city Fullerton weather response status is : ",<Response [200]>
20180806232651, "city Garden Grove weather response status is : ",<Response [200]>
20180806232651, "city Hayward weather response status is : ",<Response [200]>
20180806232651, "city Hollywood weather response status is : ",<Response [200]>
20180806232651, "city Huntington Beach weather response status is : ",<Response [200]>
20180806232651, "city Indio weather response status is : ",<Response [200]>
20180806232651, "city Inglewood weather response status is : ",<Response [200]>
20180806232651, "city Irvine weather response status is : ",<Response [200]>
20180806232651, "city La Habra weather response status is : ",<Response [200]>
20180806232651, "city Laguna Beach weather response status is : ",<Response [200]>
20180806232651, "city Lancaster weather response status is : ",<Response [200]>
20180806232651, "city Livermore weather response status is : ",<Response [200]>
20180806232651, "city Lodi weather response status is : ",<Response [200]>
20180806232651, "city Lompoc weather response status is : ",<Response [200]>
20180806232651, "city Long Beach weather response status is : ",<Response [200]>
20180806232651, "city Los Angeles weather response status is : ",<Response [200]>
20180806232651, "city Malibu weather response status is : ",<Response [200]>
20180806232651, "city Martinez weather response status is : ",<Response [200]>
20180806232651, "city Marysville weather response status is : ",<Response [200]>
20180806232651, "city Menlo Park weather response status is : ",<Response [200]>
20180806232651, "city Merced weather response status is : ",<Response [200]>
20180806232651, "city Modesto weather response status is : ",<Response [200]>
20180806232651, "city Monterey weather response status is : ",<Response [200]>
20180806232651, "city Mountain View weather response status is : ",<Response [200]>
20180806232651, "city Napa weather response status is : ",<Response [200]>
20180806232651, "city Needles weather response status is : ",<Response [200]>
20180806232651, "city Newport Beach weather response status is : ",<Response [200]>
20180806232651, "city Norwalk weather response status is : ",<Response [200]>
20180806232651, "city Novato weather response status is : ",<Response [200]>
20180806232651, "city Oakland weather response status is : ",<Response [200]>
20180806232651, "city Oceanside weather response status is : ",<Response [200]>
20180806232651, "city Ojai weather response status is : ",<Response [200]>
20180806232651, "city Ontario weather response status is : ",<Response [200]>
20180806232651, "city Orange weather response status is : ",<Response [200]>
20180806232651, "city Oroville weather response status is : ",<Response [200]>
20180806232651, "city Oxnard weather response status is : ",<Response [200]>
20180806232651, "city Pacific Grove weather response status is : ",<Response [200]>
20180806232651, "city Palm Springs weather response status is : ",<Response [200]>
20180806232651, "city Palmdale weather response status is : ",<Response [200]>
20180806232651, "city Palo Alto weather response status is : ",<Response [200]>
20180806232651, "city Pasadena weather response status is : ",<Response [200]>
20180806232651, "city Petaluma weather response status is : ",<Response [200]>
20180806232651, "city Pomona weather response status is : ",<Response [200]>
20180806232651, "city Port Hueneme weather response status is : ",<Response [200]>
20180806232651, "city Rancho Cucamonga weather response status is : ",<Response [200]>
20180806232651, "city Red Bluff weather response status is : ",<Response [200]>
20180806232651, "city Redding weather response status is : ",<Response [200]>
20180806232651, "city Redlands weather response status is : ",<Response [200]>
20180806232651, "city Redondo Beach weather response status is : ",<Response [200]>
20180806232651, "city Redwood City weather response status is : ",<Response [200]>
20180806232651, "city Richmond weather response status is : ",<Response [200]>
20180806232651, "city Riverside weather response status is : ",<Response [200]>
20180806232651, "city Roseville weather response status is : ",<Response [200]>
20180806232651, "city Sacramento weather response status is : ",<Response [200]>
20180806232651, "city Salinas weather response status is : ",<Response [200]>
20180806232651, "city San Bernardino weather response status is : ",<Response [200]>
20180806232651, "city San Clemente weather response status is : ",<Response [200]>
20180806232651, "city San Diego weather response status is : ",<Response [200]>
20180806232651, "city San Fernando weather response status is : ",<Response [200]>
20180806232651, "city San Francisco weather response status is : ",<Response [200]>
20180806232651, "city San Gabriel weather response status is : ",<Response [200]>
20180806232651, "city San Jose weather response status is : ",<Response [200]>
20180806232651, "city San Juan Capistrano weather response status is : ",<Response [200]>
20180806232651, "city San Leandro weather response status is : ",<Response [200]>
20180806232651, "city San Luis Obispo weather response status is : ",<Response [200]>
20180806232651, "city San Marino weather response status is : ",<Response [200]>
20180806232651, "city San Mateo weather response status is : ",<Response [200]>
20180806232651, "city San Pedro weather response status is : ",<Response [200]>
20180806232651, "city San Rafael weather response status is : ",<Response [200]>
20180806232651, "city San Simeon weather response status is : ",<Response [200]>
20180806232651, "city Santa Ana weather response status is : ",<Response [200]>
20180806232651, "city Santa Barbara weather response status is : ",<Response [200]>
20180806232651, "city Santa Clara weather response status is : ",<Response [200]>
20180806232651, "city Santa Clarita weather response status is : ",<Response [200]>
20180806232651, "city Santa Cruz weather response status is : ",<Response [200]>
20180806232651, "city Santa Monica weather response status is : ",<Response [200]>
20180806232651, "city Santa Rosa weather response status is : ",<Response [200]>
20180806232651, "city Sausalito weather response status is : ",<Response [200]>
20180806232651, "city Simi Valley weather response status is : ",<Response [200]>
20180806232651, "city Sonoma weather response status is : ",<Response [200]>
20180806232651, "city South San Francisco weather response status is : ",<Response [200]>
20180806232651, "city Stockton weather response status is : ",<Response [200]>
20180806232651, "city Sunnyvale weather response status is : ",<Response [200]>
20180806232651, "city Susanville weather response status is : ",<Response [200]>
20180806232651, "city Thousand Oaks weather response status is : ",<Response [200]>
20180806232651, "city Torrance weather response status is : ",<Response [200]>
20180806232651, "city Turlock weather response status is : ",<Response [200]>
20180806232651, "city Ukiah weather response status is : ",<Response [200]>
20180806232651, "city Vallejo weather response status is : ",<Response [200]>
20180806232651, "city Ventura weather response status is : ",<Response [200]>
20180806232651, "city Victorville weather response status is : ",<Response [200]>
20180806232651, "city Visalia weather response status is : ",<Response [200]>
20180806232651, "city Walnut Creek weather response status is : ",<Response [200]>
20180806232651, "city West Covina weather response status is : ",<Response [200]>
20180806232651, "city Whittier weather response status is : ",<Response [200]>
20180806232651, "city Woodland weather response status is : ",<Response [200]>
20180806232651, "city Yorba Linda weather response status is : ",<Response [200]>
20180806232651, "city Yuba City weather response status is : ",<Response [200]>
20180806232816, "city Ajo weather response status is : ",<Response [200]>
20180806232816, "city Avondale weather response status is : ",<Response [200]>
20180806232816, "city Bisbee weather response status is : ",<Response [200]>
20180806232816, "city Casa Grande weather response status is : ",<Response [200]>
20180806232816, "city Chandler weather response status is : ",<Response [200]>
20180806232816, "city Clifton weather response status is : ",<Response [200]>
20180806232816, "city Douglas weather response status is : ",<Response [200]>
20180806232816, "city Flagstaff weather response status is : ",<Response [200]>
20180806232816, "city Florence weather response status is : ",<Response [200]>
20180806232816, "city Gila Bend weather response status is : ",<Response [200]>
20180806232816, "city Glendale weather response status is : ",<Response [200]>
20180806232816, "city Globe weather response status is : ",<Response [200]>
20180806232816, "city Kingman weather response status is : ",<Response [200]>
20180806232816, "city Lake Havasu City weather response status is : ",<Response [200]>
20180806232816, "city Mesa weather response status is : ",<Response [200]>
20180806232816, "city Nogales weather response status is : ",<Response [200]>
20180806232816, "city Prescott weather response status is : ",<Response [200]>
20180806232816, "city Scottsdale weather response status is : ",<Response [200]>
20180806232816, "city Sierra Vista weather response status is : ",<Response [200]>
20180806232816, "city Tempe weather response status is : ",<Response [200]>
20180806232816, "city Tombstone weather response status is : ",<Response [200]>
20180806232816, "city Tucson weather response status is : ",<Response [200]>
20180806232816, "city Walpi weather response status is : ",<Response [200]>
20180806232816, "city Window Rock weather response status is : ",<Response [200]>
20180806232816, "city Winslow weather response status is : ",<Response [200]>
20180806232816, "city Yuma weather response status is : ",<Response [200]>
20180806232816, "city Alameda weather response status is : ",<Response [200]>
20180806232816, "city Alhambra weather response status is : ",<Response [200]>
20180806232816, "city Anaheim weather response status is : ",<Response [200]>
20180806232816, "city Antioch weather response status is : ",<Response [200]>
20180806232816, "city Arcadia weather response status is : ",<Response [200]>
20180806232816, "city Bakersfield weather response status is : ",<Response [200]>
20180806232816, "city Barstow weather response status is : ",<Response [200]>
20180806232816, "city Belmont weather response status is : ",<Response [200]>
20180806232816, "city Berkeley weather response status is : ",<Response [200]>
20180806232816, "city Beverly Hills weather response status is : ",<Response [200]>
20180806232816, "city Brea weather response status is : ",<Response [200]>
20180806232816, "city Buena Park weather response status is : ",<Response [200]>
20180806232816, "city Burbank weather response status is : ",<Response [200]>
20180806232816, "city Calexico weather response status is : ",<Response [200]>
20180806232816, "city Calistoga weather response status is : ",<Response [200]>
20180806232816, "city Carlsbad weather response status is : ",<Response [200]>
20180806232816, "city Carmel weather response status is : ",<Response [200]>
20180806232816, "city Chico weather response status is : ",<Response [200]>
20180806232816, "city Chula Vista weather response status is : ",<Response [200]>
20180806232816, "city Claremont weather response status is : ",<Response [200]>
20180806232816, "city Compton weather response status is : ",<Response [200]>
20180806232816, "city Concord weather response status is : ",<Response [200]>
20180806232816, "city Corona weather response status is : ",<Response [200]>
20180806232816, "city Coronado weather response status is : ",<Response [200]>
20180806232816, "city Costa Mesa weather response status is : ",<Response [200]>
20180806232816, "city Culver City weather response status is : ",<Response [200]>
20180806232816, "city Daly City weather response status is : ",<Response [200]>
20180806232816, "city Davis weather response status is : ",<Response [200]>
20180806232816, "city Downey weather response status is : ",<Response [200]>
20180806232816, "city El Centro weather response status is : ",<Response [200]>
20180806232816, "city El Cerrito weather response status is : ",<Response [200]>
20180806232816, "city El Monte weather response status is : ",<Response [200]>
20180806232816, "city Escondido weather response status is : ",<Response [200]>
20180806232816, "city Eureka weather response status is : ",<Response [200]>
20180806232816, "city Fairfield weather response status is : ",<Response [200]>
20180806232816, "city Fontana weather response status is : ",<Response [200]>
20180806232816, "city Fremont weather response status is : ",<Response [200]>
20180806232816, "city Fresno weather response status is : ",<Response [200]>
20180806232816, "city Fullerton weather response status is : ",<Response [200]>
20180806232816, "city Garden Grove weather response status is : ",<Response [200]>
20180806232816, "city Hayward weather response status is : ",<Response [200]>
20180806232816, "city Hollywood weather response status is : ",<Response [200]>
20180806232816, "city Huntington Beach weather response status is : ",<Response [200]>
20180806232816, "city Indio weather response status is : ",<Response [200]>
20180806232816, "city Inglewood weather response status is : ",<Response [200]>
20180806232816, "city Irvine weather response status is : ",<Response [200]>
20180806232816, "city La Habra weather response status is : ",<Response [200]>
20180806232816, "city Laguna Beach weather response status is : ",<Response [200]>
20180806232816, "city Lancaster weather response status is : ",<Response [200]>
20180806232816, "city Livermore weather response status is : ",<Response [200]>
20180806232816, "city Lodi weather response status is : ",<Response [200]>
20180806232816, "city Lompoc weather response status is : ",<Response [200]>
20180806232816, "city Long Beach weather response status is : ",<Response [200]>
20180806232816, "city Los Angeles weather response status is : ",<Response [200]>
20180806232816, "city Malibu weather response status is : ",<Response [200]>
20180806232816, "city Martinez weather response status is : ",<Response [200]>
20180806232816, "city Marysville weather response status is : ",<Response [200]>
20180806232816, "city Menlo Park weather response status is : ",<Response [200]>
20180806232816, "city Merced weather response status is : ",<Response [200]>
20180806232816, "city Modesto weather response status is : ",<Response [200]>
20180806232816, "city Monterey weather response status is : ",<Response [200]>
20180806232816, "city Mountain View weather response status is : ",<Response [200]>
20180806232816, "city Napa weather response status is : ",<Response [200]>
20180806232816, "city Needles weather response status is : ",<Response [200]>
20180806232816, "city Newport Beach weather response status is : ",<Response [200]>
20180806232816, "city Norwalk weather response status is : ",<Response [200]>
20180806232816, "city Novato weather response status is : ",<Response [200]>
20180806232816, "city Oakland weather response status is : ",<Response [200]>
20180806232816, "city Oceanside weather response status is : ",<Response [200]>
20180806232816, "city Ojai weather response status is : ",<Response [200]>
20180806232816, "city Ontario weather response status is : ",<Response [200]>
20180806232816, "city Orange weather response status is : ",<Response [200]>
20180806232816, "city Oroville weather response status is : ",<Response [200]>
20180806232816, "city Oxnard weather response status is : ",<Response [200]>
20180806232816, "city Pacific Grove weather response status is : ",<Response [200]>
20180806232816, "city Palm Springs weather response status is : ",<Response [200]>
20180806232816, "city Palmdale weather response status is : ",<Response [200]>
20180806232816, "city Palo Alto weather response status is : ",<Response [200]>
20180806232816, "city Pasadena weather response status is : ",<Response [200]>
20180806232816, "city Petaluma weather response status is : ",<Response [200]>
20180806232816, "city Pomona weather response status is : ",<Response [200]>
20180806232816, "city Port Hueneme weather response status is : ",<Response [200]>
20180806232816, "city Rancho Cucamonga weather response status is : ",<Response [200]>
20180806232816, "city Red Bluff weather response status is : ",<Response [200]>
20180806232816, "city Redding weather response status is : ",<Response [200]>
20180806232816, "city Redlands weather response status is : ",<Response [200]>
20180806232816, "city Redondo Beach weather response status is : ",<Response [200]>
20180806232816, "city Redwood City weather response status is : ",<Response [200]>
20180806232816, "city Richmond weather response status is : ",<Response [200]>
20180806232816, "city Riverside weather response status is : ",<Response [200]>
20180806232816, "city Roseville weather response status is : ",<Response [200]>
20180806232816, "city Sacramento weather response status is : ",<Response [200]>
20180806232816, "city Salinas weather response status is : ",<Response [200]>
20180806232816, "city San Bernardino weather response status is : ",<Response [200]>
20180806232816, "city San Clemente weather response status is : ",<Response [200]>
20180806232816, "city San Diego weather response status is : ",<Response [200]>
20180806232816, "city San Fernando weather response status is : ",<Response [200]>
20180806232816, "city San Francisco weather response status is : ",<Response [200]>
20180806232816, "city San Gabriel weather response status is : ",<Response [200]>
20180806232816, "city San Jose weather response status is : ",<Response [200]>
20180806232816, "city San Juan Capistrano weather response status is : ",<Response [200]>
20180806232816, "city San Leandro weather response status is : ",<Response [200]>
20180806232816, "city San Luis Obispo weather response status is : ",<Response [200]>
20180806232816, "city San Marino weather response status is : ",<Response [200]>
20180806232816, "city San Mateo weather response status is : ",<Response [200]>
20180806232816, "city San Pedro weather response status is : ",<Response [200]>
20180806232816, "city San Rafael weather response status is : ",<Response [200]>
20180806232816, "city San Simeon weather response status is : ",<Response [200]>
20180806232816, "city Santa Ana weather response status is : ",<Response [200]>
20180806232816, "city Santa Barbara weather response status is : ",<Response [200]>
20180806232816, "city Santa Clara weather response status is : ",<Response [200]>
20180806232816, "city Santa Clarita weather response status is : ",<Response [200]>
20180806232816, "city Santa Cruz weather response status is : ",<Response [200]>
20180806232816, "city Santa Monica weather response status is : ",<Response [200]>
20180806232816, "city Santa Rosa weather response status is : ",<Response [200]>
20180806232816, "city Sausalito weather response status is : ",<Response [200]>
20180806232816, "city Simi Valley weather response status is : ",<Response [200]>
20180806232816, "city Sonoma weather response status is : ",<Response [200]>
20180806232816, "city South San Francisco weather response status is : ",<Response [200]>
20180806232816, "city Stockton weather response status is : ",<Response [200]>
20180806232816, "city Sunnyvale weather response status is : ",<Response [200]>
20180806232816, "city Susanville weather response status is : ",<Response [200]>
20180806232816, "city Thousand Oaks weather response status is : ",<Response [200]>
20180806232816, "city Torrance weather response status is : ",<Response [200]>
20180806232816, "city Turlock weather response status is : ",<Response [200]>
20180806232816, "city Ukiah weather response status is : ",<Response [200]>
20180806232816, "city Vallejo weather response status is : ",<Response [200]>
20180806232816, "city Ventura weather response status is : ",<Response [200]>
20180806232816, "city Victorville weather response status is : ",<Response [200]>
20180806232816, "city Visalia weather response status is : ",<Response [200]>
20180806232816, "city Walnut Creek weather response status is : ",<Response [200]>
20180806232816, "city West Covina weather response status is : ",<Response [200]>
20180806232816, "city Whittier weather response status is : ",<Response [200]>
20180806232816, "city Woodland weather response status is : ",<Response [200]>
20180806232816, "city Yorba Linda weather response status is : ",<Response [200]>
20180806232816, "city Yuba City weather response status is : ",<Response [200]>
20180806232917, "city Ajo weather response status is : ",<Response [200]>
20180806232917, "city Avondale weather response status is : ",<Response [200]>
20180806232917, "city Bisbee weather response status is : ",<Response [200]>
20180806232917, "city Casa Grande weather response status is : ",<Response [200]>
20180806232917, "city Chandler weather response status is : ",<Response [200]>
20180806232917, "city Clifton weather response status is : ",<Response [200]>
20180806232917, "city Douglas weather response status is : ",<Response [200]>
20180806232917, "city Flagstaff weather response status is : ",<Response [200]>
20180806232917, "city Florence weather response status is : ",<Response [200]>
20180806232917, "city Gila Bend weather response status is : ",<Response [200]>
20180806232917, "city Glendale weather response status is : ",<Response [200]>
20180806232917, "city Globe weather response status is : ",<Response [200]>
20180806232917, "city Kingman weather response status is : ",<Response [200]>
20180806232917, "city Lake Havasu City weather response status is : ",<Response [200]>
20180806232917, "city Mesa weather response status is : ",<Response [200]>
20180806232917, "city Nogales weather response status is : ",<Response [200]>
20180806232917, "city Prescott weather response status is : ",<Response [200]>
20180806232917, "city Scottsdale weather response status is : ",<Response [200]>
20180806232917, "city Sierra Vista weather response status is : ",<Response [200]>
20180806232917, "city Tempe weather response status is : ",<Response [200]>
20180806232917, "city Tombstone weather response status is : ",<Response [200]>
20180806232917, "city Tucson weather response status is : ",<Response [200]>
20180806232917, "city Walpi weather response status is : ",<Response [200]>
20180806232917, "city Window Rock weather response status is : ",<Response [200]>
20180806232917, "city Winslow weather response status is : ",<Response [200]>
20180806232917, "city Yuma weather response status is : ",<Response [200]>
20180806232917, "city Alameda weather response status is : ",<Response [200]>
20180806232917, "city Alhambra weather response status is : ",<Response [200]>
20180806232917, "city Anaheim weather response status is : ",<Response [200]>
20180806232917, "city Antioch weather response status is : ",<Response [200]>
20180806232917, "city Arcadia weather response status is : ",<Response [200]>
20180806232917, "city Bakersfield weather response status is : ",<Response [200]>
20180806232917, "city Barstow weather response status is : ",<Response [200]>
20180806232917, "city Belmont weather response status is : ",<Response [200]>
20180806232917, "city Berkeley weather response status is : ",<Response [200]>
20180806232917, "city Beverly Hills weather response status is : ",<Response [200]>
20180806232917, "city Brea weather response status is : ",<Response [200]>
20180806232917, "city Buena Park weather response status is : ",<Response [200]>
20180806232917, "city Burbank weather response status is : ",<Response [200]>
20180806232917, "city Calexico weather response status is : ",<Response [200]>
20180806232917, "city Calistoga weather response status is : ",<Response [200]>
20180806232917, "city Carlsbad weather response status is : ",<Response [200]>
20180806232917, "city Carmel weather response status is : ",<Response [200]>
20180806232917, "city Chico weather response status is : ",<Response [200]>
20180806232917, "city Chula Vista weather response status is : ",<Response [200]>
20180806232917, "city Claremont weather response status is : ",<Response [200]>
20180806232917, "city Compton weather response status is : ",<Response [200]>
20180806232917, "city Concord weather response status is : ",<Response [200]>
20180806232917, "city Corona weather response status is : ",<Response [200]>
20180806232917, "city Coronado weather response status is : ",<Response [200]>
20180806232917, "city Costa Mesa weather response status is : ",<Response [200]>
20180806232917, "city Culver City weather response status is : ",<Response [200]>
20180806232917, "city Daly City weather response status is : ",<Response [200]>
20180806232917, "city Davis weather response status is : ",<Response [200]>
20180806232917, "city Downey weather response status is : ",<Response [200]>
20180806232917, "city El Centro weather response status is : ",<Response [200]>
20180806232917, "city El Cerrito weather response status is : ",<Response [200]>
20180806232917, "city El Monte weather response status is : ",<Response [200]>
20180806232917, "city Escondido weather response status is : ",<Response [200]>
20180806232917, "city Eureka weather response status is : ",<Response [200]>
20180806232917, "city Fairfield weather response status is : ",<Response [200]>
20180806232917, "city Fontana weather response status is : ",<Response [200]>
20180806232917, "city Fremont weather response status is : ",<Response [200]>
20180806232917, "city Fresno weather response status is : ",<Response [200]>
20180806232917, "city Fullerton weather response status is : ",<Response [200]>
20180806232917, "city Garden Grove weather response status is : ",<Response [200]>
20180806232917, "city Hayward weather response status is : ",<Response [200]>
20180806232917, "city Hollywood weather response status is : ",<Response [200]>
20180806232917, "city Huntington Beach weather response status is : ",<Response [200]>
20180806232917, "city Indio weather response status is : ",<Response [200]>
20180806232917, "city Inglewood weather response status is : ",<Response [200]>
20180806232917, "city Irvine weather response status is : ",<Response [200]>
20180806232917, "city La Habra weather response status is : ",<Response [200]>
20180806232917, "city Laguna Beach weather response status is : ",<Response [200]>
20180806232917, "city Lancaster weather response status is : ",<Response [200]>
20180806232917, "city Livermore weather response status is : ",<Response [200]>
20180806232917, "city Lodi weather response status is : ",<Response [200]>
20180806232917, "city Lompoc weather response status is : ",<Response [200]>
20180806232917, "city Long Beach weather response status is : ",<Response [200]>
20180806232917, "city Los Angeles weather response status is : ",<Response [200]>
20180806232917, "city Malibu weather response status is : ",<Response [200]>
20180806232917, "city Martinez weather response status is : ",<Response [200]>
20180806232917, "city Marysville weather response status is : ",<Response [200]>
20180806232917, "city Menlo Park weather response status is : ",<Response [200]>
20180806232917, "city Merced weather response status is : ",<Response [200]>
20180806232917, "city Modesto weather response status is : ",<Response [200]>
20180806232917, "city Monterey weather response status is : ",<Response [200]>
20180806232917, "city Mountain View weather response status is : ",<Response [200]>
20180806232917, "city Napa weather response status is : ",<Response [200]>
20180806232917, "city Needles weather response status is : ",<Response [200]>
20180806232917, "city Newport Beach weather response status is : ",<Response [200]>
20180806232917, "city Norwalk weather response status is : ",<Response [200]>
20180806232917, "city Novato weather response status is : ",<Response [200]>
20180806232917, "city Oakland weather response status is : ",<Response [200]>
20180806232917, "city Oceanside weather response status is : ",<Response [200]>
20180806232917, "city Ojai weather response status is : ",<Response [200]>
20180806232917, "city Ontario weather response status is : ",<Response [200]>
20180806232917, "city Orange weather response status is : ",<Response [200]>
20180806232917, "city Oroville weather response status is : ",<Response [200]>
20180806232917, "city Oxnard weather response status is : ",<Response [200]>
20180806232917, "city Pacific Grove weather response status is : ",<Response [200]>
20180806232917, "city Palm Springs weather response status is : ",<Response [200]>
20180806232917, "city Palmdale weather response status is : ",<Response [200]>
20180806232917, "city Palo Alto weather response status is : ",<Response [200]>
20180806232917, "city Pasadena weather response status is : ",<Response [200]>
20180806232917, "city Petaluma weather response status is : ",<Response [200]>
20180806232917, "city Pomona weather response status is : ",<Response [200]>
20180806232917, "city Port Hueneme weather response status is : ",<Response [200]>
20180806232917, "city Rancho Cucamonga weather response status is : ",<Response [200]>
20180806232917, "city Red Bluff weather response status is : ",<Response [200]>
20180806232917, "city Redding weather response status is : ",<Response [200]>
20180806232917, "city Redlands weather response status is : ",<Response [200]>
20180806232917, "city Redondo Beach weather response status is : ",<Response [200]>
20180806232917, "city Redwood City weather response status is : ",<Response [200]>
20180806232917, "city Richmond weather response status is : ",<Response [200]>
20180806232917, "city Riverside weather response status is : ",<Response [200]>
20180806232917, "city Roseville weather response status is : ",<Response [200]>
20180806232917, "city Sacramento weather response status is : ",<Response [200]>
20180806232917, "city Salinas weather response status is : ",<Response [200]>
20180806232917, "city San Bernardino weather response status is : ",<Response [200]>
20180806232917, "city San Clemente weather response status is : ",<Response [200]>
20180806232917, "city San Diego weather response status is : ",<Response [200]>
20180806232917, "city San Fernando weather response status is : ",<Response [200]>
20180806232917, "city San Francisco weather response status is : ",<Response [200]>
20180806232917, "city San Gabriel weather response status is : ",<Response [200]>
20180806232917, "city San Jose weather response status is : ",<Response [200]>
20180806232917, "city San Juan Capistrano weather response status is : ",<Response [200]>
20180806232917, "city San Leandro weather response status is : ",<Response [200]>
20180806232917, "city San Luis Obispo weather response status is : ",<Response [200]>
20180806232917, "city San Marino weather response status is : ",<Response [200]>
20180806232917, "city San Mateo weather response status is : ",<Response [200]>
20180806232917, "city San Pedro weather response status is : ",<Response [200]>
20180806232917, "city San Rafael weather response status is : ",<Response [200]>
20180806232917, "city San Simeon weather response status is : ",<Response [200]>
20180806232917, "city Santa Ana weather response status is : ",<Response [200]>
20180806232917, "city Santa Barbara weather response status is : ",<Response [200]>
20180806232917, "city Santa Clara weather response status is : ",<Response [200]>
20180806232917, "city Santa Clarita weather response status is : ",<Response [200]>
20180806232917, "city Santa Cruz weather response status is : ",<Response [200]>
20180806232917, "city Santa Monica weather response status is : ",<Response [200]>
20180806232917, "city Santa Rosa weather response status is : ",<Response [200]>
20180806232917, "city Sausalito weather response status is : ",<Response [200]>
20180806232917, "city Simi Valley weather response status is : ",<Response [200]>
20180806232917, "city Sonoma weather response status is : ",<Response [200]>
20180806232917, "city South San Francisco weather response status is : ",<Response [200]>
20180806232917, "city Stockton weather response status is : ",<Response [200]>
20180806232917, "city Sunnyvale weather response status is : ",<Response [200]>
20180806232917, "city Susanville weather response status is : ",<Response [200]>
20180806232917, "city Thousand Oaks weather response status is : ",<Response [200]>
20180806232917, "city Torrance weather response status is : ",<Response [200]>
20180806232917, "city Turlock weather response status is : ",<Response [200]>
20180806232917, "city Ukiah weather response status is : ",<Response [200]>
20180806232917, "city Vallejo weather response status is : ",<Response [200]>
20180806232917, "city Ventura weather response status is : ",<Response [200]>
20180806232917, "city Victorville weather response status is : ",<Response [200]>
20180806232917, "city Visalia weather response status is : ",<Response [200]>
20180806232917, "city Walnut Creek weather response status is : ",<Response [200]>
20180806232917, "city West Covina weather response status is : ",<Response [200]>
20180806232917, "city Whittier weather response status is : ",<Response [200]>
20180806232917, "city Woodland weather response status is : ",<Response [200]>
20180806232917, "city Yorba Linda weather response status is : ",<Response [200]>
20180806232917, "city Yuba City weather response status is : ",<Response [200]>
20180806234025, "city Ajo weather response status is : ",<Response [200]>
20180806234025, "city Avondale weather response status is : ",<Response [200]>
20180806234025, "city Bisbee weather response status is : ",<Response [200]>
20180806234025, "city Casa Grande weather response status is : ",<Response [200]>
20180806234025, "city Chandler weather response status is : ",<Response [200]>
20180806234025, "city Clifton weather response status is : ",<Response [200]>
20180806234025, "city Douglas weather response status is : ",<Response [200]>
20180806234025, "city Flagstaff weather response status is : ",<Response [200]>
20180806234025, "city Florence weather response status is : ",<Response [200]>
20180806234025, "city Gila Bend weather response status is : ",<Response [200]>
20180806234025, "city Glendale weather response status is : ",<Response [200]>
20180806234025, "city Globe weather response status is : ",<Response [200]>
20180806234025, "city Kingman weather response status is : ",<Response [200]>
20180806234025, "city Lake Havasu City weather response status is : ",<Response [200]>
20180806234025, "city Mesa weather response status is : ",<Response [200]>
20180806234025, "city Nogales weather response status is : ",<Response [200]>
20180806234025, "city Prescott weather response status is : ",<Response [200]>
20180806234025, "city Scottsdale weather response status is : ",<Response [200]>
20180806234025, "city Sierra Vista weather response status is : ",<Response [200]>
20180806234025, "city Tempe weather response status is : ",<Response [200]>
20180806234025, "city Tombstone weather response status is : ",<Response [200]>
20180806234025, "city Tucson weather response status is : ",<Response [200]>
20180806234025, "city Walpi weather response status is : ",<Response [200]>
20180806234025, "city Window Rock weather response status is : ",<Response [200]>
20180806234025, "city Winslow weather response status is : ",<Response [200]>
20180806234025, "city Yuma weather response status is : ",<Response [200]>
20180806234025, "city Alameda weather response status is : ",<Response [200]>
20180806234025, "city Alhambra weather response status is : ",<Response [200]>
20180806234025, "city Anaheim weather response status is : ",<Response [200]>
20180806234025, "city Antioch weather response status is : ",<Response [200]>
20180806234025, "city Arcadia weather response status is : ",<Response [200]>
20180806234025, "city Bakersfield weather response status is : ",<Response [200]>
20180806234025, "city Barstow weather response status is : ",<Response [200]>
20180806234025, "city Belmont weather response status is : ",<Response [200]>
20180806234025, "city Berkeley weather response status is : ",<Response [200]>
20180806234025, "city Beverly Hills weather response status is : ",<Response [200]>
20180806234025, "city Brea weather response status is : ",<Response [200]>
20180806234025, "city Buena Park weather response status is : ",<Response [200]>
20180806234025, "city Burbank weather response status is : ",<Response [200]>
20180806234025, "city Calexico weather response status is : ",<Response [200]>
20180806234025, "city Calistoga weather response status is : ",<Response [200]>
20180806234025, "city Carlsbad weather response status is : ",<Response [200]>
20180806234025, "city Carmel weather response status is : ",<Response [200]>
20180806234025, "city Chico weather response status is : ",<Response [200]>
20180806234025, "city Chula Vista weather response status is : ",<Response [200]>
20180806234025, "city Claremont weather response status is : ",<Response [200]>
20180806234025, "city Compton weather response status is : ",<Response [200]>
20180806234025, "city Concord weather response status is : ",<Response [200]>
20180806234025, "city Corona weather response status is : ",<Response [200]>
20180806234025, "city Coronado weather response status is : ",<Response [200]>
20180806234025, "city Costa Mesa weather response status is : ",<Response [200]>
20180806234025, "city Culver City weather response status is : ",<Response [200]>
20180806234025, "city Daly City weather response status is : ",<Response [200]>
20180806234025, "city Davis weather response status is : ",<Response [200]>
20180806234025, "city Downey weather response status is : ",<Response [200]>
20180806234025, "city El Centro weather response status is : ",<Response [200]>
20180806234025, "city El Cerrito weather response status is : ",<Response [200]>
20180806234025, "city El Monte weather response status is : ",<Response [200]>
20180806234025, "city Escondido weather response status is : ",<Response [200]>
20180806234025, "city Eureka weather response status is : ",<Response [200]>
20180806234025, "city Fairfield weather response status is : ",<Response [200]>
20180806234025, "city Fontana weather response status is : ",<Response [200]>
20180806234025, "city Fremont weather response status is : ",<Response [200]>
20180806234025, "city Fresno weather response status is : ",<Response [200]>
20180806234025, "city Fullerton weather response status is : ",<Response [200]>
20180806234025, "city Garden Grove weather response status is : ",<Response [200]>
20180806234025, "city Hayward weather response status is : ",<Response [200]>
20180806234025, "city Hollywood weather response status is : ",<Response [200]>
20180806234025, "city Huntington Beach weather response status is : ",<Response [200]>
20180806234025, "city Indio weather response status is : ",<Response [200]>
20180806234025, "city Inglewood weather response status is : ",<Response [200]>
20180806234025, "city Irvine weather response status is : ",<Response [200]>
20180806234025, "city La Habra weather response status is : ",<Response [200]>
20180806234025, "city Laguna Beach weather response status is : ",<Response [200]>
20180806234025, "city Lancaster weather response status is : ",<Response [200]>
20180806234025, "city Livermore weather response status is : ",<Response [200]>
20180806234025, "city Lodi weather response status is : ",<Response [200]>
20180806234025, "city Lompoc weather response status is : ",<Response [200]>
20180806234025, "city Long Beach weather response status is : ",<Response [200]>
20180806234025, "city Los Angeles weather response status is : ",<Response [200]>
20180806234025, "city Malibu weather response status is : ",<Response [200]>
20180806234025, "city Martinez weather response status is : ",<Response [200]>
20180806234025, "city Marysville weather response status is : ",<Response [200]>
20180806234025, "city Menlo Park weather response status is : ",<Response [200]>
20180806234025, "city Merced weather response status is : ",<Response [200]>
20180806234025, "city Modesto weather response status is : ",<Response [200]>
20180806234025, "city Monterey weather response status is : ",<Response [200]>
20180806234025, "city Mountain View weather response status is : ",<Response [200]>
20180806234025, "city Napa weather response status is : ",<Response [200]>
20180806234025, "city Needles weather response status is : ",<Response [200]>
20180806234025, "city Newport Beach weather response status is : ",<Response [200]>
20180806234025, "city Norwalk weather response status is : ",<Response [200]>
20180806234025, "city Novato weather response status is : ",<Response [200]>
20180806234025, "city Oakland weather response status is : ",<Response [200]>
20180806234025, "city Oceanside weather response status is : ",<Response [200]>
20180806234025, "city Ojai weather response status is : ",<Response [200]>
20180806234025, "city Ontario weather response status is : ",<Response [200]>
20180806234025, "city Orange weather response status is : ",<Response [200]>
20180806234025, "city Oroville weather response status is : ",<Response [200]>
20180806234025, "city Oxnard weather response status is : ",<Response [200]>
20180806234025, "city Pacific Grove weather response status is : ",<Response [200]>
20180806234025, "city Palm Springs weather response status is : ",<Response [200]>
20180806234025, "city Palmdale weather response status is : ",<Response [200]>
20180806234025, "city Palo Alto weather response status is : ",<Response [200]>
20180806234025, "city Pasadena weather response status is : ",<Response [200]>
20180806234025, "city Petaluma weather response status is : ",<Response [200]>
20180806234025, "city Pomona weather response status is : ",<Response [200]>
20180806234025, "city Port Hueneme weather response status is : ",<Response [200]>
20180806234025, "city Rancho Cucamonga weather response status is : ",<Response [200]>
20180806234025, "city Red Bluff weather response status is : ",<Response [200]>
20180806234025, "city Redding weather response status is : ",<Response [200]>
20180806234025, "city Redlands weather response status is : ",<Response [200]>
20180806234025, "city Redondo Beach weather response status is : ",<Response [200]>
20180806234025, "city Redwood City weather response status is : ",<Response [200]>
20180806234025, "city Richmond weather response status is : ",<Response [200]>
20180806234025, "city Riverside weather response status is : ",<Response [200]>
20180806234025, "city Roseville weather response status is : ",<Response [200]>
20180806234025, "city Sacramento weather response status is : ",<Response [200]>
20180806234025, "city Salinas weather response status is : ",<Response [200]>
20180806234025, "city San Bernardino weather response status is : ",<Response [200]>
20180806234025, "city San Clemente weather response status is : ",<Response [200]>
20180806234025, "city San Diego weather response status is : ",<Response [200]>
20180806234025, "city San Fernando weather response status is : ",<Response [200]>
20180806234145, "city Ajo weather response status is : ",<Response [200]>
20180806234145, "city Avondale weather response status is : ",<Response [200]>
20180806234145, "city Bisbee weather response status is : ",<Response [200]>
20180806234145, "city Casa Grande weather response status is : ",<Response [200]>
20180806234145, "city Chandler weather response status is : ",<Response [200]>
20180806234145, "city Clifton weather response status is : ",<Response [200]>
20180806234145, "city Douglas weather response status is : ",<Response [200]>
20180806234145, "city Flagstaff weather response status is : ",<Response [200]>
20180806234145, "city Florence weather response status is : ",<Response [200]>
20180806234145, "city Gila Bend weather response status is : ",<Response [200]>
20180806234145, "city Glendale weather response status is : ",<Response [200]>
20180806234145, "city Globe weather response status is : ",<Response [200]>
20180806234145, "city Kingman weather response status is : ",<Response [200]>
20180806234145, "city Lake Havasu City weather response status is : ",<Response [200]>
20180806234145, "city Mesa weather response status is : ",<Response [200]>
20180806234145, "city Nogales weather response status is : ",<Response [200]>
20180806234145, "city Prescott weather response status is : ",<Response [200]>
20180806234145, "city Scottsdale weather response status is : ",<Response [200]>
20180806234145, "city Sierra Vista weather response status is : ",<Response [200]>
20180806234145, "city Tempe weather response status is : ",<Response [200]>
20180806234145, "city Tombstone weather response status is : ",<Response [200]>
20180806234145, "city Tucson weather response status is : ",<Response [200]>
20180806234145, "city Walpi weather response status is : ",<Response [200]>
20180806234145, "city Window Rock weather response status is : ",<Response [200]>
20180806234145, "city Winslow weather response status is : ",<Response [200]>
20180806234145, "city Yuma weather response status is : ",<Response [200]>
20180806234145, "city Alameda weather response status is : ",<Response [200]>
20180806234145, "city Alhambra weather response status is : ",<Response [200]>
20180806234145, "city Anaheim weather response status is : ",<Response [200]>
20180806234145, "city Antioch weather response status is : ",<Response [200]>
20180806234145, "city Arcadia weather response status is : ",<Response [200]>
20180806234145, "city Bakersfield weather response status is : ",<Response [200]>
20180806234145, "city Barstow weather response status is : ",<Response [200]>
20180806234145, "city Belmont weather response status is : ",<Response [200]>
20180806234145, "city Berkeley weather response status is : ",<Response [200]>
20180806234145, "city Beverly Hills weather response status is : ",<Response [200]>
20180806234145, "city Brea weather response status is : ",<Response [200]>
20180806234145, "city Buena Park weather response status is : ",<Response [200]>
20180806234145, "city Burbank weather response status is : ",<Response [200]>
20180806234145, "city Calexico weather response status is : ",<Response [200]>
20180806234145, "city Calistoga weather response status is : ",<Response [200]>
20180806234145, "city Carlsbad weather response status is : ",<Response [200]>
20180806234145, "city Carmel weather response status is : ",<Response [200]>
20180806234145, "city Chico weather response status is : ",<Response [200]>
20180806234145, "city Chula Vista weather response status is : ",<Response [200]>
20180806234145, "city Claremont weather response status is : ",<Response [200]>
20180806234145, "city Compton weather response status is : ",<Response [200]>
20180806234145, "city Concord weather response status is : ",<Response [200]>
20180806234145, "city Corona weather response status is : ",<Response [200]>
20180806234145, "city Coronado weather response status is : ",<Response [200]>
20180806234145, "city Costa Mesa weather response status is : ",<Response [200]>
20180806234145, "city Culver City weather response status is : ",<Response [200]>
20180806234145, "city Daly City weather response status is : ",<Response [200]>
20180806234145, "city Davis weather response status is : ",<Response [200]>
20180806234145, "city Downey weather response status is : ",<Response [200]>
20180806234145, "city El Centro weather response status is : ",<Response [200]>
20180806234145, "city El Cerrito weather response status is : ",<Response [200]>
20180806234145, "city El Monte weather response status is : ",<Response [200]>
20180806234145, "city Escondido weather response status is : ",<Response [200]>
20180806234145, "city Eureka weather response status is : ",<Response [200]>
20180806234145, "city Fairfield weather response status is : ",<Response [200]>
20180806234145, "city Fontana weather response status is : ",<Response [200]>
20180806234145, "city Fremont weather response status is : ",<Response [200]>
20180806234145, "city Fresno weather response status is : ",<Response [200]>
20180806234145, "city Fullerton weather response status is : ",<Response [200]>
20180806234145, "city Garden Grove weather response status is : ",<Response [200]>
20180806234145, "city Hayward weather response status is : ",<Response [200]>
20180806234145, "city Hollywood weather response status is : ",<Response [200]>
20180806234145, "city Huntington Beach weather response status is : ",<Response [200]>
20180806234145, "city Indio weather response status is : ",<Response [200]>
20180806234145, "city Inglewood weather response status is : ",<Response [200]>
20180806234145, "city Irvine weather response status is : ",<Response [200]>
20180806234145, "city La Habra weather response status is : ",<Response [200]>
20180806234145, "city Laguna Beach weather response status is : ",<Response [200]>
20180806234145, "city Lancaster weather response status is : ",<Response [200]>
20180806234145, "city Livermore weather response status is : ",<Response [200]>
20180806234145, "city Lodi weather response status is : ",<Response [200]>
20180806234145, "city Lompoc weather response status is : ",<Response [200]>
20180806234145, "city Long Beach weather response status is : ",<Response [200]>
20180806234145, "city Los Angeles weather response status is : ",<Response [200]>
20180806234145, "city Malibu weather response status is : ",<Response [200]>
20180806234145, "city Martinez weather response status is : ",<Response [200]>
20180806234145, "city Marysville weather response status is : ",<Response [200]>
20180806234145, "city Menlo Park weather response status is : ",<Response [200]>
20180806234145, "city Merced weather response status is : ",<Response [200]>
20180806234145, "city Modesto weather response status is : ",<Response [200]>
20180806234145, "city Monterey weather response status is : ",<Response [200]>
20180806234145, "city Mountain View weather response status is : ",<Response [200]>
20180806234145, "city Napa weather response status is : ",<Response [200]>
20180806234145, "city Needles weather response status is : ",<Response [200]>
20180806234145, "city Newport Beach weather response status is : ",<Response [200]>
20180806234145, "city Norwalk weather response status is : ",<Response [200]>
20180806234145, "city Novato weather response status is : ",<Response [200]>
20180806234145, "city Oakland weather response status is : ",<Response [200]>
20180806234145, "city Oceanside weather response status is : ",<Response [200]>
20180806234145, "city Ojai weather response status is : ",<Response [200]>
20180806234145, "city Ontario weather response status is : ",<Response [200]>
20180806234145, "city Orange weather response status is : ",<Response [200]>
20180806234145, "city Oroville weather response status is : ",<Response [200]>
20180806234145, "city Oxnard weather response status is : ",<Response [200]>
20180806234145, "city Pacific Grove weather response status is : ",<Response [200]>
20180806234145, "city Palm Springs weather response status is : ",<Response [200]>
20180806234145, "city Palmdale weather response status is : ",<Response [200]>
20180806234145, "city Palo Alto weather response status is : ",<Response [200]>
20180806234145, "city Pasadena weather response status is : ",<Response [200]>
20180806234145, "city Petaluma weather response status is : ",<Response [200]>
20180806234145, "city Pomona weather response status is : ",<Response [200]>
20180806234145, "city Port Hueneme weather response status is : ",<Response [200]>
20180806234145, "city Rancho Cucamonga weather response status is : ",<Response [200]>
20180806234145, "city Red Bluff weather response status is : ",<Response [200]>
20180806234145, "city Redding weather response status is : ",<Response [200]>
20180806234145, "city Redlands weather response status is : ",<Response [200]>
20180806234145, "city Redondo Beach weather response status is : ",<Response [200]>
20180806234145, "city Redwood City weather response status is : ",<Response [200]>
20180806234145, "city Richmond weather response status is : ",<Response [200]>
20180806234145, "city Riverside weather response status is : ",<Response [200]>
20180806234145, "city Roseville weather response status is : ",<Response [200]>
20180806234145, "city Sacramento weather response status is : ",<Response [200]>
20180806234145, "city Salinas weather response status is : ",<Response [200]>
20180806234145, "city San Bernardino weather response status is : ",<Response [200]>
20180806234145, "city San Clemente weather response status is : ",<Response [200]>
20180806234145, "city San Diego weather response status is : ",<Response [200]>
20180806234145, "city San Fernando weather response status is : ",<Response [200]>
20180806234556, "city Ajo weather response status is : ",<Response [200]>
20180806234556, "city Avondale weather response status is : ",<Response [200]>
20180806234556, "city Bisbee weather response status is : ",<Response [200]>
20180806234556, "city Casa Grande weather response status is : ",<Response [200]>
20180806234556, "city Chandler weather response status is : ",<Response [200]>
20180806234556, "city Clifton weather response status is : ",<Response [200]>
20180806234556, "city Douglas weather response status is : ",<Response [200]>
20180806234556, "city Flagstaff weather response status is : ",<Response [200]>
20180806234556, "city Florence weather response status is : ",<Response [200]>
20180806234556, "city Gila Bend weather response status is : ",<Response [200]>
20180806234556, "city Glendale weather response status is : ",<Response [200]>
20180806234556, "city Globe weather response status is : ",<Response [200]>
20180806234556, "city Kingman weather response status is : ",<Response [200]>
20180806234556, "city Bakersfield weather response status is : ",<Response [200]>
20180806234556, "city Barstow weather response status is : ",<Response [200]>
20180806234556, "city Belmont weather response status is : ",<Response [200]>
20180806234556, "city Berkeley weather response status is : ",<Response [200]>
20180806234556, "city Beverly Hills weather response status is : ",<Response [200]>
20180806234556, "city Brea weather response status is : ",<Response [200]>
20180806234556, "city Buena Park weather response status is : ",<Response [200]>
20180806234556, "city Burbank weather response status is : ",<Response [200]>
20180806234556, "city Calexico weather response status is : ",<Response [200]>
20180806234556, "city Calistoga weather response status is : ",<Response [200]>
20180806234556, "city Carlsbad weather response status is : ",<Response [200]>
20180806234556, "city Carmel weather response status is : ",<Response [200]>
20180806234556, "city Chico weather response status is : ",<Response [200]>
20180806234556, "city Chula Vista weather response status is : ",<Response [200]>
20180806234556, "city Claremont weather response status is : ",<Response [200]>
20180806234556, "city Compton weather response status is : ",<Response [200]>
20180806234556, "city Concord weather response status is : ",<Response [200]>
20180806234556, "city Corona weather response status is : ",<Response [200]>
20180806234556, "city Coronado weather response status is : ",<Response [200]>
20180806234556, "city Costa Mesa weather response status is : ",<Response [200]>
20180806234556, "city Culver City weather response status is : ",<Response [200]>
20180806234556, "city Daly City weather response status is : ",<Response [200]>
20180806234556, "city Davis weather response status is : ",<Response [200]>
20180806234556, "city Downey weather response status is : ",<Response [200]>
20180806234556, "city El Centro weather response status is : ",<Response [200]>
20180806234556, "city El Cerrito weather response status is : ",<Response [200]>
20180806234556, "city El Monte weather response status is : ",<Response [200]>
20180806234556, "city Escondido weather response status is : ",<Response [200]>
20180806234556, "city Eureka weather response status is : ",<Response [200]>
20180806234556, "city Fairfield weather response status is : ",<Response [200]>
20180806234556, "city Fontana weather response status is : ",<Response [200]>
20180806234556, "city Fremont weather response status is : ",<Response [200]>
20180806234556, "city Fresno weather response status is : ",<Response [200]>
20180806234556, "city Fullerton weather response status is : ",<Response [200]>
20180806234556, "city Garden Grove weather response status is : ",<Response [200]>
20180806234556, "city Hayward weather response status is : ",<Response [200]>
20180806234556, "city Hollywood weather response status is : ",<Response [200]>
20180806234556, "city Huntington Beach weather response status is : ",<Response [200]>
20180806234556, "city Indio weather response status is : ",<Response [200]>
20180806234556, "city Inglewood weather response status is : ",<Response [200]>
20180806234556, "city Irvine weather response status is : ",<Response [200]>
20180806234556, "city La Habra weather response status is : ",<Response [200]>
20180806234556, "city Laguna Beach weather response status is : ",<Response [200]>
20180806234556, "city Lancaster weather response status is : ",<Response [200]>
20180806234556, "city Livermore weather response status is : ",<Response [200]>
20180806234556, "city Lodi weather response status is : ",<Response [200]>
20180806234556, "city Lompoc weather response status is : ",<Response [200]>
20180806234556, "city Long Beach weather response status is : ",<Response [200]>
20180806234556, "city Los Angeles weather response status is : ",<Response [200]>
20180806234556, "city Malibu weather response status is : ",<Response [200]>
20180806234556, "city Martinez weather response status is : ",<Response [200]>
20180806234556, "city Marysville weather response status is : ",<Response [200]>
20180806234556, "city Menlo Park weather response status is : ",<Response [200]>
20180806234556, "city Merced weather response status is : ",<Response [200]>
20180806234556, "city Modesto weather response status is : ",<Response [200]>
20180806234556, "city Monterey weather response status is : ",<Response [200]>
20180806234556, "city Mountain View weather response status is : ",<Response [200]>
20180806234556, "city Napa weather response status is : ",<Response [200]>
20180806234556, "city Needles weather response status is : ",<Response [200]>
20180806234556, "city Newport Beach weather response status is : ",<Response [200]>
20180806234556, "city Norwalk weather response status is : ",<Response [200]>
20180806234556, "city Novato weather response status is : ",<Response [200]>
20180806234556, "city Oakland weather response status is : ",<Response [200]>
20180806234556, "city Oceanside weather response status is : ",<Response [200]>
20180806234556, "city Ojai weather response status is : ",<Response [200]>
20180806234556, "city Ontario weather response status is : ",<Response [200]>
20180806234556, "city Orange weather response status is : ",<Response [200]>
20180806234556, "city Oroville weather response status is : ",<Response [200]>
20180806234556, "city Oxnard weather response status is : ",<Response [200]>
20180806234556, "city Pacific Grove weather response status is : ",<Response [200]>
20180806234556, "city Palm Springs weather response status is : ",<Response [200]>
20180806234556, "city Palmdale weather response status is : ",<Response [200]>
20180806234556, "city Palo Alto weather response status is : ",<Response [200]>
20180806234556, "city Pasadena weather response status is : ",<Response [200]>
20180806234556, "city Petaluma weather response status is : ",<Response [200]>
20180806234556, "city Pomona weather response status is : ",<Response [200]>
20180806234556, "city Port Hueneme weather response status is : ",<Response [200]>
20180806234556, "city Rancho Cucamonga weather response status is : ",<Response [200]>
20180806234556, "city Red Bluff weather response status is : ",<Response [200]>
20180806234556, "city Redding weather response status is : ",<Response [200]>
20180806234556, "city Redlands weather response status is : ",<Response [200]>
20180806234556, "city Redondo Beach weather response status is : ",<Response [200]>
20180806234556, "city Redwood City weather response status is : ",<Response [200]>
20180806234556, "city Richmond weather response status is : ",<Response [200]>
20180806234556, "city Riverside weather response status is : ",<Response [200]>
20180806234556, "city Roseville weather response status is : ",<Response [200]>
20180806234556, "city Sacramento weather response status is : ",<Response [200]>
20180806234556, "city Salinas weather response status is : ",<Response [200]>
20180806234556, "city San Bernardino weather response status is : ",<Response [200]>
20180806234556, "city San Clemente weather response status is : ",<Response [200]>
20180806234556, "city San Diego weather response status is : ",<Response [200]>
20180806234556, "city San Fernando weather response status is : ",<Response [200]>
20180806234556, "city San Francisco weather response status is : ",<Response [200]>
20180806234556, "city San Gabriel weather response status is : ",<Response [200]>
20180806234556, "city San Jose weather response status is : ",<Response [200]>
20180806234556, "city San Juan Capistrano weather response status is : ",<Response [200]>
20180806234556, "city San Leandro weather response status is : ",<Response [200]>
20180806234556, "city San Luis Obispo weather response status is : ",<Response [200]>
20180806234556, "city San Marino weather response status is : ",<Response [200]>
20180806234556, "city San Mateo weather response status is : ",<Response [200]>
20180806234556, "city San Pedro weather response status is : ",<Response [200]>
20180806234556, "city San Rafael weather response status is : ",<Response [200]>
20180806234556, "city San Simeon weather response status is : ",<Response [200]>
20180806234556, "city Santa Ana weather response status is : ",<Response [200]>
20180806234556, "city Santa Barbara weather response status is : ",<Response [200]>
20180806234556, "city Santa Clara weather response status is : ",<Response [200]>
20180806234556, "city Santa Clarita weather response status is : ",<Response [200]>
20180806234556, "city Santa Cruz weather response status is : ",<Response [200]>
20180806234556, "city Santa Monica weather response status is : ",<Response [200]>
20180806234556, "city Santa Rosa weather response status is : ",<Response [200]>
20180806234556, "city Sausalito weather response status is : ",<Response [200]>
20180806234556, "city Simi Valley weather response status is : ",<Response [200]>
20180806234556, "city Sonoma weather response status is : ",<Response [200]>
20180806234556, "city South San Francisco weather response status is : ",<Response [200]>
20180806234556, "city Stockton weather response status is : ",<Response [200]>
20180806234556, "city Sunnyvale weather response status is : ",<Response [200]>
20180806234556, "city Susanville weather response status is : ",<Response [200]>
20180806234556, "city Thousand Oaks weather response status is : ",<Response [200]>
20180806234556, "city Torrance weather response status is : ",<Response [200]>
20180806234556, "city Turlock weather response status is : ",<Response [200]>
20180806234556, "city Ukiah weather response status is : ",<Response [200]>
20180806234556, "city Vallejo weather response status is : ",<Response [200]>
20180806234556, "city Ventura weather response status is : ",<Response [200]>
20180806234556, "city Victorville weather response status is : ",<Response [200]>
20180806234556, "city Visalia weather response status is : ",<Response [200]>
20180806234556, "city Walnut Creek weather response status is : ",<Response [200]>
20180806234556, "city West Covina weather response status is : ",<Response [200]>
20180806234556, "city Whittier weather response status is : ",<Response [200]>
20180806234556, "city Woodland weather response status is : ",<Response [200]>
20180806234556, "city Yorba Linda weather response status is : ",<Response [200]>
20180806234556, "city Yuba City weather response status is : ",<Response [200]>
20180806234705, "city Ajo weather response status is : ",<Response [200]>
20180806234705, "city Avondale weather response status is : ",<Response [200]>
20180806234705, "city Bisbee weather response status is : ",<Response [200]>
20180806234705, "city Casa Grande weather response status is : ",<Response [200]>
20180806234705, "city Chandler weather response status is : ",<Response [200]>
20180806234705, "city Clifton weather response status is : ",<Response [200]>
20180806234705, "city Douglas weather response status is : ",<Response [200]>
20180806234705, "city Flagstaff weather response status is : ",<Response [200]>
20180806234705, "city Florence weather response status is : ",<Response [200]>
20180806234705, "city Gila Bend weather response status is : ",<Response [200]>
20180806234705, "city Glendale weather response status is : ",<Response [200]>
20180806234705, "city Globe weather response status is : ",<Response [200]>
20180806234705, "city Kingman weather response status is : ",<Response [200]>
20180806234705, "city Bakersfield weather response status is : ",<Response [200]>
20180806234705, "city Barstow weather response status is : ",<Response [200]>
20180806234705, "city Belmont weather response status is : ",<Response [200]>
20180806234705, "city Berkeley weather response status is : ",<Response [200]>
20180806234705, "city Beverly Hills weather response status is : ",<Response [200]>
20180806234705, "city Brea weather response status is : ",<Response [200]>
20180806234705, "city Buena Park weather response status is : ",<Response [200]>
20180806234705, "city Burbank weather response status is : ",<Response [200]>
20180806234705, "city Calexico weather response status is : ",<Response [200]>
20180806234705, "city Calistoga weather response status is : ",<Response [200]>
20180806234705, "city Carlsbad weather response status is : ",<Response [200]>
20180806234705, "city Carmel weather response status is : ",<Response [200]>
20180806234705, "city Chico weather response status is : ",<Response [200]>
20180806234705, "city Chula Vista weather response status is : ",<Response [200]>
20180806234705, "city Claremont weather response status is : ",<Response [200]>
20180806234705, "city Compton weather response status is : ",<Response [200]>
20180806234705, "city Concord weather response status is : ",<Response [200]>
20180806234705, "city Corona weather response status is : ",<Response [200]>
20180806234705, "city Coronado weather response status is : ",<Response [200]>
20180806234705, "city Costa Mesa weather response status is : ",<Response [200]>
20180806234705, "city Culver City weather response status is : ",<Response [200]>
20180806234705, "city Daly City weather response status is : ",<Response [200]>
20180806234705, "city Davis weather response status is : ",<Response [200]>
20180806234705, "city Downey weather response status is : ",<Response [200]>
20180806234705, "city El Centro weather response status is : ",<Response [200]>
20180806234705, "city El Cerrito weather response status is : ",<Response [200]>
20180806234705, "city El Monte weather response status is : ",<Response [200]>
20180806234705, "city Escondido weather response status is : ",<Response [200]>
20180806234705, "city Eureka weather response status is : ",<Response [200]>
20180806234705, "city Fairfield weather response status is : ",<Response [200]>
20180806234705, "city Fontana weather response status is : ",<Response [200]>
20180806234705, "city Fremont weather response status is : ",<Response [200]>
20180806234705, "city Fresno weather response status is : ",<Response [200]>
20180806234705, "city Fullerton weather response status is : ",<Response [200]>
20180806234705, "city Garden Grove weather response status is : ",<Response [200]>
20180806234705, "city Hayward weather response status is : ",<Response [200]>
20180806234705, "city Hollywood weather response status is : ",<Response [200]>
20180806234705, "city Huntington Beach weather response status is : ",<Response [200]>
20180806234705, "city Indio weather response status is : ",<Response [200]>
20180806234705, "city Inglewood weather response status is : ",<Response [200]>
20180806234705, "city Irvine weather response status is : ",<Response [200]>
20180806234705, "city La Habra weather response status is : ",<Response [200]>
20180806234705, "city Laguna Beach weather response status is : ",<Response [200]>
20180806234705, "city Lancaster weather response status is : ",<Response [200]>
20180806234705, "city Livermore weather response status is : ",<Response [200]>
20180806234705, "city Lodi weather response status is : ",<Response [200]>
20180806234705, "city Lompoc weather response status is : ",<Response [200]>
20180806234705, "city Long Beach weather response status is : ",<Response [200]>
20180806234705, "city Los Angeles weather response status is : ",<Response [200]>
20180806234705, "city Malibu weather response status is : ",<Response [200]>
20180806234705, "city Martinez weather response status is : ",<Response [200]>
20180806234705, "city Marysville weather response status is : ",<Response [200]>
20180806234705, "city Menlo Park weather response status is : ",<Response [200]>
20180806234705, "city Merced weather response status is : ",<Response [200]>
20180806234705, "city Modesto weather response status is : ",<Response [200]>
20180806234705, "city Monterey weather response status is : ",<Response [200]>
20180806234705, "city Mountain View weather response status is : ",<Response [200]>
20180806234705, "city Napa weather response status is : ",<Response [200]>
20180806234705, "city Needles weather response status is : ",<Response [200]>
20180806234705, "city Newport Beach weather response status is : ",<Response [200]>
20180806234705, "city Norwalk weather response status is : ",<Response [200]>
20180806234705, "city Novato weather response status is : ",<Response [200]>
20180806234705, "city Oakland weather response status is : ",<Response [200]>
20180806234705, "city Oceanside weather response status is : ",<Response [200]>
20180806234705, "city Ojai weather response status is : ",<Response [200]>
20180806234705, "city Ontario weather response status is : ",<Response [200]>
20180806234705, "city Orange weather response status is : ",<Response [200]>
20180806234705, "city Oroville weather response status is : ",<Response [200]>
20180806234705, "city Oxnard weather response status is : ",<Response [200]>
20180806234705, "city Pacific Grove weather response status is : ",<Response [200]>
20180806234705, "city Palm Springs weather response status is : ",<Response [200]>
20180806234705, "city Palmdale weather response status is : ",<Response [200]>
20180806234705, "city Palo Alto weather response status is : ",<Response [200]>
20180806234705, "city Pasadena weather response status is : ",<Response [200]>
20180806234705, "city Petaluma weather response status is : ",<Response [200]>
20180806234705, "city Pomona weather response status is : ",<Response [200]>
20180806234705, "city Port Hueneme weather response status is : ",<Response [200]>
20180806234705, "city Rancho Cucamonga weather response status is : ",<Response [200]>
20180806234705, "city Red Bluff weather response status is : ",<Response [200]>
20180806234705, "city Redding weather response status is : ",<Response [200]>
20180806234705, "city Redlands weather response status is : ",<Response [200]>
20180806234705, "city Redondo Beach weather response status is : ",<Response [200]>
20180806234705, "city Redwood City weather response status is : ",<Response [200]>
20180806234705, "city Richmond weather response status is : ",<Response [200]>
20180806234705, "city Riverside weather response status is : ",<Response [200]>
20180806234705, "city Roseville weather response status is : ",<Response [200]>
20180806234705, "city Sacramento weather response status is : ",<Response [200]>
20180806234705, "city Salinas weather response status is : ",<Response [200]>
20180806234705, "city San Bernardino weather response status is : ",<Response [200]>
20180806234705, "city San Clemente weather response status is : ",<Response [200]>
20180806234705, "city San Diego weather response status is : ",<Response [200]>
20180806234705, "city San Fernando weather response status is : ",<Response [200]>
20180806234705, "city San Francisco weather response status is : ",<Response [200]>
20180806234705, "city San Gabriel weather response status is : ",<Response [200]>
20180806234705, "city San Jose weather response status is : ",<Response [200]>
20180806234705, "city San Juan Capistrano weather response status is : ",<Response [200]>
20180806234705, "city San Leandro weather response status is : ",<Response [200]>
20180806234705, "city San Luis Obispo weather response status is : ",<Response [200]>
20180806234705, "city San Marino weather response status is : ",<Response [200]>
20180806234705, "city San Mateo weather response status is : ",<Response [200]>
20180806234705, "city San Pedro weather response status is : ",<Response [200]>
20180806234705, "city San Rafael weather response status is : ",<Response [200]>
20180806234705, "city San Simeon weather response status is : ",<Response [200]>
20180806234705, "city Santa Ana weather response status is : ",<Response [200]>
20180806234705, "city Santa Barbara weather response status is : ",<Response [200]>
20180806234705, "city Santa Clara weather response status is : ",<Response [200]>
20180806234705, "city Santa Clarita weather response status is : ",<Response [200]>
20180806234705, "city Santa Cruz weather response status is : ",<Response [200]>
20180806234705, "city Santa Monica weather response status is : ",<Response [200]>
20180806234705, "city Santa Rosa weather response status is : ",<Response [200]>
20180806234705, "city Sausalito weather response status is : ",<Response [200]>
20180806234705, "city Simi Valley weather response status is : ",<Response [200]>
20180806234705, "city Sonoma weather response status is : ",<Response [200]>
20180806234705, "city South San Francisco weather response status is : ",<Response [200]>
20180806234705, "city Stockton weather response status is : ",<Response [200]>
20180806234705, "city Sunnyvale weather response status is : ",<Response [200]>
20180806234705, "city Susanville weather response status is : ",<Response [200]>
20180806234705, "city Thousand Oaks weather response status is : ",<Response [200]>
20180806234705, "city Torrance weather response status is : ",<Response [200]>
20180806234705, "city Turlock weather response status is : ",<Response [200]>
20180806234705, "city Ukiah weather response status is : ",<Response [200]>
20180806234705, "city Vallejo weather response status is : ",<Response [200]>
20180806234705, "city Ventura weather response status is : ",<Response [200]>
20180806234705, "city Victorville weather response status is : ",<Response [200]>
20180806234705, "city Visalia weather response status is : ",<Response [200]>
20180806234705, "city Walnut Creek weather response status is : ",<Response [200]>
20180806234705, "city West Covina weather response status is : ",<Response [200]>
20180806234705, "city Whittier weather response status is : ",<Response [200]>
20180806234705, "city Woodland weather response status is : ",<Response [200]>
20180806234705, "city Yorba Linda weather response status is : ",<Response [200]>
20180806234705, "city Yuba City weather response status is : ",<Response [200]>
20180806235618, "city Ajo weather response status is : ",<Response [200]>
20180806235618, "city Avondale weather response status is : ",<Response [200]>
20180806235618, "city Bisbee weather response status is : ",<Response [200]>
20180806235618, "city Casa Grande weather response status is : ",<Response [200]>
20180806235618, "city Chandler weather response status is : ",<Response [200]>
20180806235618, "city Clifton weather response status is : ",<Response [200]>
20180806235618, "city Douglas weather response status is : ",<Response [200]>
20180806235618, "city Flagstaff weather response status is : ",<Response [200]>
20180806235618, "city Florence weather response status is : ",<Response [200]>
20180806235618, "city Gila Bend weather response status is : ",<Response [200]>
20180806235618, "city Glendale weather response status is : ",<Response [200]>
20180806235618, "city Globe weather response status is : ",<Response [200]>
20180806235618, "city Kingman weather response status is : ",<Response [200]>
20180806235618, "city Bakersfield weather response status is : ",<Response [200]>
20180806235618, "city Barstow weather response status is : ",<Response [200]>
20180806235618, "city Belmont weather response status is : ",<Response [200]>
20180806235618, "city Berkeley weather response status is : ",<Response [200]>
20180806235618, "city Beverly Hills weather response status is : ",<Response [200]>
20180806235618, "city Brea weather response status is : ",<Response [200]>
20180806235618, "city Buena Park weather response status is : ",<Response [200]>
20180806235618, "city Burbank weather response status is : ",<Response [200]>
20180806235618, "city Calexico weather response status is : ",<Response [200]>
20180806235618, "city Calistoga weather response status is : ",<Response [200]>
20180806235618, "city Carlsbad weather response status is : ",<Response [200]>
20180806235618, "city Carmel weather response status is : ",<Response [200]>
20180806235618, "city Chico weather response status is : ",<Response [200]>
20180806235618, "city Chula Vista weather response status is : ",<Response [200]>
20180806235618, "city Claremont weather response status is : ",<Response [200]>
20180806235618, "city Compton weather response status is : ",<Response [200]>
20180806235618, "city Concord weather response status is : ",<Response [200]>
20180806235618, "city Corona weather response status is : ",<Response [200]>
20180806235618, "city Coronado weather response status is : ",<Response [200]>
20180806235618, "city Costa Mesa weather response status is : ",<Response [200]>
20180806235618, "city Culver City weather response status is : ",<Response [200]>
20180806235618, "city Daly City weather response status is : ",<Response [200]>
20180806235618, "city Davis weather response status is : ",<Response [200]>
20180806235618, "city Downey weather response status is : ",<Response [200]>
20180806235618, "city El Centro weather response status is : ",<Response [200]>
20180806235618, "city El Cerrito weather response status is : ",<Response [200]>
20180806235618, "city El Monte weather response status is : ",<Response [200]>
20180806235618, "city Escondido weather response status is : ",<Response [200]>
20180806235618, "city Eureka weather response status is : ",<Response [200]>
20180806235618, "city Fairfield weather response status is : ",<Response [200]>
20180806235618, "city Fontana weather response status is : ",<Response [200]>
20180806235618, "city Fremont weather response status is : ",<Response [200]>
20180806235618, "city Fresno weather response status is : ",<Response [200]>
20180806235618, "city Fullerton weather response status is : ",<Response [200]>
20180806235618, "city Garden Grove weather response status is : ",<Response [200]>
20180806235618, "city Hayward weather response status is : ",<Response [200]>
20180806235618, "city Hollywood weather response status is : ",<Response [200]>
20180806235618, "city Huntington Beach weather response status is : ",<Response [200]>
20180806235618, "city Indio weather response status is : ",<Response [200]>
20180806235618, "city Inglewood weather response status is : ",<Response [200]>
20180806235618, "city Irvine weather response status is : ",<Response [200]>
20180806235618, "city La Habra weather response status is : ",<Response [200]>
20180806235618, "city Laguna Beach weather response status is : ",<Response [200]>
20180806235618, "city Lancaster weather response status is : ",<Response [200]>
20180806235618, "city Livermore weather response status is : ",<Response [200]>
20180806235618, "city Lodi weather response status is : ",<Response [200]>
20180806235618, "city Lompoc weather response status is : ",<Response [200]>
20180806235618, "city Long Beach weather response status is : ",<Response [200]>
20180806235618, "city Los Angeles weather response status is : ",<Response [200]>
20180806235618, "city Malibu weather response status is : ",<Response [200]>
20180806235618, "city Martinez weather response status is : ",<Response [200]>
20180806235618, "city Marysville weather response status is : ",<Response [200]>
20180806235618, "city Menlo Park weather response status is : ",<Response [200]>
20180806235618, "city Merced weather response status is : ",<Response [200]>
20180806235618, "city Modesto weather response status is : ",<Response [200]>
20180806235618, "city Monterey weather response status is : ",<Response [200]>
20180806235618, "city Mountain View weather response status is : ",<Response [200]>
20180806235618, "city Napa weather response status is : ",<Response [200]>
20180806235618, "city Needles weather response status is : ",<Response [200]>
20180806235618, "city Newport Beach weather response status is : ",<Response [200]>
20180806235618, "city Norwalk weather response status is : ",<Response [200]>
20180806235618, "city Novato weather response status is : ",<Response [200]>
20180806235618, "city Oakland weather response status is : ",<Response [200]>
20180806235618, "city Oceanside weather response status is : ",<Response [200]>
20180806235618, "city Ojai weather response status is : ",<Response [200]>
20180806235618, "city Ontario weather response status is : ",<Response [200]>
20180806235618, "city Orange weather response status is : ",<Response [200]>
20180806235618, "city Oroville weather response status is : ",<Response [200]>
20180806235618, "city Oxnard weather response status is : ",<Response [200]>
20180806235618, "city Pacific Grove weather response status is : ",<Response [200]>
20180806235618, "city Palm Springs weather response status is : ",<Response [200]>
20180806235618, "city Palmdale weather response status is : ",<Response [200]>
20180806235618, "city Palo Alto weather response status is : ",<Response [200]>
20180806235618, "city Pasadena weather response status is : ",<Response [200]>
20180806235618, "city Petaluma weather response status is : ",<Response [200]>
20180806235618, "city Pomona weather response status is : ",<Response [200]>
20180806235618, "city Port Hueneme weather response status is : ",<Response [200]>
20180806235618, "city Rancho Cucamonga weather response status is : ",<Response [200]>
20180806235618, "city Red Bluff weather response status is : ",<Response [200]>
20180806235618, "city Redding weather response status is : ",<Response [200]>
20180806235618, "city Redlands weather response status is : ",<Response [200]>
20180806235618, "city Redondo Beach weather response status is : ",<Response [200]>
20180806235618, "city Redwood City weather response status is : ",<Response [200]>
20180806235618, "city Richmond weather response status is : ",<Response [200]>
20180806235618, "city Riverside weather response status is : ",<Response [200]>
20180806235618, "city Roseville weather response status is : ",<Response [200]>
20180806235618, "city Sacramento weather response status is : ",<Response [200]>
20180806235618, "city Salinas weather response status is : ",<Response [200]>
20180806235618, "city San Bernardino weather response status is : ",<Response [200]>
20180806235618, "city San Clemente weather response status is : ",<Response [200]>
20180806235618, "city San Diego weather response status is : ",<Response [200]>
20180806235618, "city San Fernando weather response status is : ",<Response [200]>
20180806235618, "city San Francisco weather response status is : ",<Response [200]>
20180806235618, "city San Gabriel weather response status is : ",<Response [200]>
20180806235618, "city San Jose weather response status is : ",<Response [200]>
20180806235618, "city San Juan Capistrano weather response status is : ",<Response [200]>
20180806235618, "city San Leandro weather response status is : ",<Response [200]>
20180806235618, "city San Luis Obispo weather response status is : ",<Response [200]>
20180806235618, "city San Marino weather response status is : ",<Response [200]>
20180806235618, "city San Mateo weather response status is : ",<Response [200]>
20180806235618, "city San Pedro weather response status is : ",<Response [200]>
20180806235618, "city San Rafael weather response status is : ",<Response [200]>
20180806235618, "city San Simeon weather response status is : ",<Response [200]>
20180806235618, "city Santa Ana weather response status is : ",<Response [200]>
20180806235618, "city Santa Barbara weather response status is : ",<Response [200]>
20180806235618, "city Santa Clara weather response status is : ",<Response [200]>
20180806235618, "city Santa Clarita weather response status is : ",<Response [200]>
20180806235618, "city Santa Cruz weather response status is : ",<Response [200]>
20180806235618, "city Santa Monica weather response status is : ",<Response [200]>
20180806235618, "city Santa Rosa weather response status is : ",<Response [200]>
20180806235618, "city Sausalito weather response status is : ",<Response [200]>
20180806235618, "city Simi Valley weather response status is : ",<Response [200]>
20180806235618, "city Sonoma weather response status is : ",<Response [200]>
20180806235618, "city South San Francisco weather response status is : ",<Response [200]>
20180806235618, "city Stockton weather response status is : ",<Response [200]>
20180806235618, "city Sunnyvale weather response status is : ",<Response [200]>
20180806235618, "city Susanville weather response status is : ",<Response [200]>
20180806235618, "city Thousand Oaks weather response status is : ",<Response [200]>
20180806235618, "city Torrance weather response status is : ",<Response [200]>
20180806235618, "city Turlock weather response status is : ",<Response [200]>
20180806235618, "city Ukiah weather response status is : ",<Response [200]>
20180806235618, "city Vallejo weather response status is : ",<Response [200]>
20180806235618, "city Ventura weather response status is : ",<Response [200]>
20180806235618, "city Victorville weather response status is : ",<Response [200]>
20180806235618, "city Visalia weather response status is : ",<Response [200]>
20180806235618, "city Walnut Creek weather response status is : ",<Response [200]>
20180806235618, "city West Covina weather response status is : ",<Response [200]>
20180806235618, "city Whittier weather response status is : ",<Response [200]>
20180806235618, "city Woodland weather response status is : ",<Response [200]>
20180806235618, "city Yorba Linda weather response status is : ",<Response [200]>
20180806235618, "city Yuba City weather response status is : ",<Response [200]>
